<?xml version="1.0" encoding="UTF-8"?>
<!-- Generated by org.testng.reporters.JUnitReportReporter -->
<testsuite skipped="0" hostname="Lenovo-PC" name="sample1example.JavaProject" tests="1" failures="0" timestamp="31 May 2020 18:19:50 GMT" time="8.056" errors="0">
  <testcase name="lofign" time="8.056" classname="sample1example.JavaProject"/>
</testsuite> <!-- sample1example.JavaProject -->
